<?xml version="1.0" encoding="UTF-8"?>
<testng-results skipped="0" failed="0" ignored="0" total="1" passed="1">
  <reporter-output>
  </reporter-output>
  <suite name="Default suite" duration-ms="56056" started-at="2019-09-04T05:45:12Z" finished-at="2019-09-04T05:46:08Z">
    <groups>
    </groups>
    <test name="Default test" duration-ms="56056" started-at="2019-09-04T05:45:12Z" finished-at="2019-09-04T05:46:08Z">
      <class name="com.zoho.Test.CreateContactTest">
        <test-method status="PASS" signature="openBrowser()[pri:0, instance:com.zoho.Test.CreateContactTest@4501b7af]" name="openBrowser" is-config="true" duration-ms="19629" started-at="2019-09-04T05:45:12Z" finished-at="2019-09-04T05:45:32Z">
          <reporter-output>
          </reporter-output>
        </test-method> <!-- openBrowser -->
        <test-method status="PASS" signature="loginToApp()[pri:0, instance:com.zoho.Test.CreateContactTest@4501b7af]" name="loginToApp" is-config="true" duration-ms="27928" started-at="2019-09-04T05:45:32Z" finished-at="2019-09-04T05:46:00Z">
          <reporter-output>
          </reporter-output>
        </test-method> <!-- loginToApp -->
        <test-method status="PASS" signature="ClickContact()[pri:0, instance:com.zoho.Test.CreateContactTest@4501b7af]" name="ClickContact" duration-ms="6297" started-at="2019-09-04T05:46:00Z" finished-at="2019-09-04T05:46:06Z">
          <reporter-output>
          </reporter-output>
        </test-method> <!-- ClickContact -->
        <test-method status="PASS" signature="logoutFromApp()[pri:0, instance:com.zoho.Test.CreateContactTest@4501b7af]" name="logoutFromApp" is-config="true" duration-ms="972" started-at="2019-09-04T05:46:06Z" finished-at="2019-09-04T05:46:07Z">
          <reporter-output>
          </reporter-output>
        </test-method> <!-- logoutFromApp -->
        <test-method status="PASS" signature="closeBrowser()[pri:0, instance:com.zoho.Test.CreateContactTest@4501b7af]" name="closeBrowser" is-config="true" duration-ms="1172" started-at="2019-09-04T05:46:07Z" finished-at="2019-09-04T05:46:08Z">
          <reporter-output>
          </reporter-output>
        </test-method> <!-- closeBrowser -->
      </class> <!-- com.zoho.Test.CreateContactTest -->
    </test> <!-- Default test -->
  </suite> <!-- Default suite -->
</testng-results>
